build/app/outputs/mapping/release/mapping.txt
# compiler: R8
# compiler_version: 1.5.64
# min_api: 16
# pg_map_id: 7c0abbd
...
com.dexterous.flutterlocalnotifications.ScheduledNotificationReceiver$1 -> com.dexterous.flutterlocalnotifications.ScheduledNotificationReceiver$a:
com.google.android.datatransport.AutoValue_Event -> c.c.a.a.a:
    java.lang.Object payload -> b
    com.google.android.datatransport.Priority priority -> c
    java.lang.Integer code -> a
    java.lang.Integer getCode() -> a
    java.lang.Object getPayload() -> b
    com.google.android.datatransport.Priority getPriority() -> c
com.google.android.datatransport.Encoding -> c.c.a.a.b:
    java.lang.String name -> a
    java.lang.String getName() -> a
    com.google.android.datatransport.Encoding of(java.lang.String) -> a
com.google.android.datatransport.Event -> c.c.a.a.c:
    java.lang.Integer getCode() -> a
    com.google.android.datatransport.Event ofTelemetry(java.lang.Object) -> a
    java.lang.Object getPayload() -> b
    com.google.android.datatransport.Priority getPriority() -> c
com.google.android.datatransport.Priority -> c.c.a.a.d:
    com.google.android.datatransport.Priority[] $VALUES -> e
    com.google.android.datatransport.Priority DEFAULT -> b
    com.google.android.datatransport.Priority VERY_LOW -> c
    com.google.android.datatransport.Priority HIGHEST -> d
com.google.android.datatransport.Transformer -> c.c.a.a.e:
    java.lang.Object apply(java.lang.Object) -> a
com.google.android.datatransport.Transport -> c.c.a.a.f:
    void send(com.google.android.datatransport.Event) -> a
com.google.android.datatransport.TransportFactory -> c.c.a.a.g:
    com.google.android.datatransport.Transport getTransport(java.lang.String,java.lang.Class,com.google.android.datatransport.Encoding,com.google.android.datatransport.Transformer) -> a
com.google.android.datatransport.TransportScheduleCallback -> c.c.a.a.h:
    void onSchedule(java.lang.Exception) -> a
com.google.android.datatransport.cct.CCTDestination -> com.google.android.datatransport.cct.a:
    java.util.Set SUPPORTED_ENCODINGS -> f
    java.lang.String endPoint -> a
    com.google.android.datatransport.cct.CCTDestination LEGACY_INSTANCE -> g
    java.lang.String DEFAULT_END_POINT -> c
    java.lang.String apiKey -> b
    java.lang.String DEFAULT_API_KEY -> e
    java.lang.String LEGACY_END_POINT -> d
    com.google.android.datatransport.cct.CCTDestination fromByteArray(byte[]) -> a
    byte[] getExtras() -> a
    java.util.Set getSupportedEncodings() -> b
    java.lang.String getName() -> c
    byte[] asByteArray() -> d
    java.lang.String getAPIKey() -> e
    java.lang.String getEndPoint() -> f